<?xml version="1.0" encoding="UTF-8"?>
<testng-results skipped="0" failed="0" ignored="0" total="1" passed="1">
  <reporter-output>
  </reporter-output>
  <suite name="Default suite" duration-ms="9043" started-at="2020-06-07T21:04:10Z" finished-at="2020-06-07T21:04:19Z">
    <groups>
      <group name="cucumber">
        <method signature="AbstractTestNGCucumberTests.feature(cucumber.api.testng.CucumberFeatureWrapper)[pri:0, instance:com.testrunner.TestRunner@71c8becc]" name="feature" class="cucumber.api.testng.AbstractTestNGCucumberTests"/>
      </group> <!-- cucumber -->
    </groups>
    <test name="Default test" duration-ms="9043" started-at="2020-06-07T21:04:10Z" finished-at="2020-06-07T21:04:19Z">
      <class name="com.testrunner.TestRunner">
        <test-method status="PASS" signature="setUpClass()[pri:0, instance:com.testrunner.TestRunner@71c8becc]" name="setUpClass" is-config="true" duration-ms="349" started-at="2020-06-07T21:04:10Z" finished-at="2020-06-07T21:04:11Z">
          <reporter-output>
          </reporter-output>
        </test-method> <!-- setUpClass -->
        <test-method status="PASS" signature="feature(cucumber.api.testng.CucumberFeatureWrapper)[pri:0, instance:com.testrunner.TestRunner@71c8becc]" name="feature" duration-ms="8528" started-at="2020-06-07T21:04:11Z" description="Runs Cucumber Feature" data-provider="features" finished-at="2020-06-07T21:04:19Z">
          <params>
            <param index="0">
              <value>
                <![CDATA[user registration]]>
              </value>
            </param>
          </params>
          <reporter-output>
          </reporter-output>
        </test-method> <!-- feature -->
        <test-method status="PASS" signature="tearDownClass()[pri:0, instance:com.testrunner.TestRunner@71c8becc]" name="tearDownClass" is-config="true" duration-ms="6" started-at="2020-06-07T21:04:19Z" finished-at="2020-06-07T21:04:19Z">
          <reporter-output>
          </reporter-output>
        </test-method> <!-- tearDownClass -->
      </class> <!-- com.testrunner.TestRunner -->
    </test> <!-- Default test -->
  </suite> <!-- Default suite -->
</testng-results>
